Starting the program...
connection established!

This is the following SQL Statement:
INSERT INTO agency (agency_id, agency_name, agency_url, agency_timezone, agency_lang, agency_phone, agency_fare_url) VALUES (:1, :2, :3, :4, :5, :6, :7)
Data from data/MetroDeMadrid/gtfs/agency.txt imported successfully into agency.

This is the following SQL Statement:
INSERT INTO calendar (service_id, monday, tuesday, wednesday, thursday, friday, saturday, sunday, start_date, end_date) VALUES (:1, :2, :3, :4, :5, :6, :7, :8, :9, :10)
Data from data/MetroDeMadrid/gtfs/calendar.txt imported successfully into calendar.

Replacing column data with 'date'...

This is the following SQL Statement:
INSERT INTO calendar_dates (service_id, "date", exception_type) VALUES (:1, :2, :3)
Data from data/MetroDeMadrid/gtfs/calendar_dates.txt imported successfully into calendar_dates.

Skipping fare_attributes....

Skipping fare_rules....

This is the following SQL Statement:
INSERT INTO feed_info (feed_publisher_name, feed_publisher_url, feed_lang, feed_start_date, feed_end_date, feed_version) VALUES (:1, :2, :3, :4, :5, :6)
Data from data/MetroDeMadrid/gtfs/feed_info.txt imported successfully into feed_info.

All rows with 24 in start_time: Empty DataFrame
Columns: [trip_id, start_time, end_time, headway_secs, exact_times]
Index: []

All rows with 24 in start_time: Empty DataFrame
Columns: [trip_id, start_time, end_time, headway_secs, exact_times]
Index: []

                          trip_id           start_time             end_time  headway_secs exact_times
0   4_I12-001_2022I12_1_1_4__1___  1970-01-01 01:00:00  1970-01-01 02:00:00           630            
1   4_I12-001_2022I12_2_1_4__1___  1970-01-01 01:00:00  1970-01-01 02:00:00           630            
2   4_I12-001_2022I12_1_1_4__1___  1970-01-01 06:05:00  1970-01-01 07:00:00           540            
3   4_I12-001_2022I12_2_1_4__1___  1970-01-01 06:05:00  1970-01-01 07:00:00           540            
4   4_I12-001_2022I12_1_1_4__1___  1970-01-01 07:00:00  1970-01-01 10:00:00           480            
5   4_I12-001_2022I12_2_1_4__1___  1970-01-01 07:00:00  1970-01-01 10:00:00           480            
6   4_I12-001_2022I12_1_1_4__1___  1970-01-01 10:00:00  1970-01-01 11:00:00           390            
7   4_I12-001_2022I12_2_1_4__1___  1970-01-01 10:00:00  1970-01-01 11:00:00           390            
8   4_I12-001_2022I12_1_1_4__1___  1970-01-01 11:00:00  1970-01-01 18:00:00           420            
9   4_I12-001_2022I12_2_1_4__1___  1970-01-01 11:00:00  1970-01-01 18:00:00           420            
10  4_I12-001_2022I12_1_1_4__1___  1970-01-01 18:00:00  1970-01-01 22:00:00           330            
11  4_I12-001_2022I12_2_1_4__1___  1970-01-01 18:00:00  1970-01-01 22:00:00           330            
12  4_I12-001_2022I12_1_1_4__1___  1970-01-01 22:00:00  1970-01-01 23:00:00           450            
13  4_I12-001_2022I12_2_1_4__1___  1970-01-01 22:00:00  1970-01-01 23:00:00           450            
14  4_I12-001_2022I12_1_1_4__1___  1970-01-01 23:00:00  1970-01-02 01:00:00           450            
15  4_I12-001_2022I12_2_1_4__1___  1970-01-01 23:00:00  1970-01-02 01:00:00           450            
16  4_I13-001_2022I13_1_1_4__1___  1970-01-01 00:00:00  1970-01-01 02:00:00           900            
17  4_I13-001_2022I13_2_1_4__1___  1970-01-01 00:00:00  1970-01-01 02:00:00           900            
18  4_I13-001_2022I13_1_1_4__1___  1970-01-01 06:05:00  1970-01-01 07:00:00           540            
19  4_I13-001_2022I13_2_1_4__1___  1970-01-01 06:05:00  1970-01-01 07:00:00           540            
Data from data/MetroDeMadrid/gtfs/frequencies.txt imported successfully into frequencies.

This is the following SQL Statement:
INSERT INTO routes (route_id, agency_id, route_short_name, route_long_name, route_desc, route_type, route_url, route_color, route_text_color) VALUES (:1, :2, :3, :4, :5, :6, :7, :8, :9)
Error importing data/MetroDeMadrid/gtfs/routes.txt: ORA-12899: value too large for column "SYSTEM"."ROUTES"."ROUTE_SHORT_NAME" (actual: 2, maximum: 1)
Help: https://docs.oracle.com/error-help/db/ora-12899/

This is the following SQL Statement:
INSERT INTO shapes (shape_id, shape_pt_lat, shape_pt_lon, shape_pt_sequence, shape_dist_traveled) VALUES (:1, :2, :3, :4, :5)
Error importing data/MetroDeMadrid/gtfs/shapes.txt: ORA-01438: value larger than specified precision allowed for this column
Help: https://docs.oracle.com/error-help/db/ora-01438/

This is the following SQL Statement:
INSERT INTO stops (stop_id, stop_code, stop_name, stop_desc, stop_lat, stop_lon, zone_id, stop_url, location_type, parent_station, stop_timezone, wheelchair_boarding) VALUES (:1, :2, :3, :4, :5, :6, :7, :8, :9, :10, :11, :12)
Error importing data/MetroDeMadrid/gtfs/stops.txt: ORA-00001: unique constraint (SYSTEM.SYS_C008251) violated
Help: https://docs.oracle.com/error-help/db/ora-00001/

This is the following SQL Statement:
INSERT INTO stop_times (trip_id, arrival_time, departure_time, stop_id, stop_sequence, stop_headsign, pickup_type, drop_off_type, shape_dist_traveled) VALUES (:1, :2, :3, :4, :5, :6, :7, :8, :9)
Error importing data/MetroDeMadrid/gtfs/stop_times.txt: ORA-01867: the interval is invalid
Help: https://docs.oracle.com/error-help/db/ora-01867/

This is the following SQL Statement:
INSERT INTO trips (route_id, service_id, trip_id, trip_headsign, trip_short_name, direction_id, block_id, shape_id, wheelchair_accessible) VALUES (:1, :2, :3, :4, :5, :6, :7, :8, :9)
Error importing data/MetroDeMadrid/gtfs/trips.txt: ORA-01722: invalid number
Help: https://docs.oracle.com/error-help/db/ora-01722/

Tables successfully copied data to: ['agency', 'calendar', 'calendar_dates', 'feed_info', 'frequencies']

Tables failed to copy to: ['routes', 'shapes', 'stops', 'stop_times', 'trips']

Tables skipped: ['fare_attributes', 'fare_rules']

connection successfully closed!
